#
# There is insufficient memory for the Java Runtime Environment to continue.
# Native memory allocation (malloc) failed to allocate 41696 bytes for Chunk::new
# Possible reasons:
#   The system is out of physical RAM or swap space
#   In 32 bit mode, the process size limit was hit
# Possible solutions:
#   Reduce memory load on the system
#   Increase physical memory or swap space
#   Check if swap backing store is full
#   Use 64 bit Java on a 64 bit OS
#   Decrease Java heap size (-Xmx/-Xms)
#   Decrease number of Java threads
#   Decrease Java thread stack sizes (-Xss)
#   Set larger code cache with -XX:ReservedCodeCacheSize=
# This output file may be truncated or incomplete.
#
#  Out of Memory Error (allocation.cpp:390), pid=6920, tid=0x0000000000001b5c
#
# JRE version: OpenJDK Runtime Environment (8.0) (build 1.8.0-adoptopenjdk-_2018_05_19_00_59-b00)
# Java VM: OpenJDK 64-Bit Server VM (25.71-b00 mixed mode windows-amd64 compressed oops)
# Failed to write core dump. Minidumps are not enabled by default on client versions of Windows
#

---------------  T H R E A D  ---------------

Current thread (0x0000000054db0000):  JavaThread "C2 CompilerThread0" daemon [_thread_in_native, id=7004, stack(0x0000000055b10000,0x0000000055c10000)]

Stack: [0x0000000055b10000,0x0000000055c10000]
[error occurred during error reporting (printing stack bounds), id 0xc0000005]

Native frames: (J=compiled Java code, j=interpreted, Vv=VM code, C=native code)


Current CompileTask:
C2:   3288  801 %     4       java.util.jar.JarFile::match @ 14 (116 bytes)


---------------  P R O C E S S  ---------------

Java Threads: ( => current thread )
  0x0000000056c93000 JavaThread "pool-1-thread-1" [_thread_blocked, id=3236, stack(0x0000000056710000,0x0000000056810000)]
  0x0000000056083800 JavaThread "Service Thread" daemon [_thread_blocked, id=6852, stack(0x0000000056600000,0x0000000056700000)]
  0x0000000054e06800 JavaThread "C1 CompilerThread1" daemon [_thread_blocked, id=3628, stack(0x0000000055f80000,0x0000000056080000)]
=>0x0000000054db0000 JavaThread "C2 CompilerThread0" daemon [_thread_in_native, id=7004, stack(0x0000000055b10000,0x0000000055c10000)]
  0x0000000054dae800 JavaThread "Attach Listener" daemon [_thread_blocked, id=7164, stack(0x0000000055df0000,0x0000000055ef0000)]
  0x0000000054dad000 JavaThread "Signal Dispatcher" daemon [_thread_blocked, id=4992, stack(0x0000000055c30000,0x0000000055d30000)]
  0x0000000054d8e000 JavaThread "Finalizer" daemon [_thread_blocked, id=4112, stack(0x00000000557e0000,0x00000000558e0000)]
  0x0000000054d45000 JavaThread "Reference Handler" daemon [_thread_blocked, id=7052, stack(0x00000000559e0000,0x0000000055ae0000)]
  0x00000000022df800 JavaThread "main" [_thread_in_Java, id=3900, stack(0x00000000025f0000,0x00000000026f0000)]

Other Threads:
  0x0000000054d3d000 VMThread [stack: 0x00000000558e0000,0x00000000559e0000] [id=4704]
  0x0000000056084800 WatcherThread [stack: 0x0000000056840000,0x0000000056940000] [id=1288]

VM state:not at safepoint (normal execution)

VM Mutex/Monitor currently owned by a thread: None

Heap:
 PSYoungGen      total 18944K, used 14211K [0x00000000eab00000, 0x00000000ed000000, 0x0000000100000000)
  eden space 16384K, 71% used [0x00000000eab00000,0x00000000eb678718,0x00000000ebb00000)
  from space 2560K, 96% used [0x00000000ebb00000,0x00000000ebd687a0,0x00000000ebd80000)
  to   space 2560K, 0% used [0x00000000ecd80000,0x00000000ecd80000,0x00000000ed000000)
 ParOldGen       total 44032K, used 1325K [0x00000000c0000000, 0x00000000c2b00000, 0x00000000eab00000)
  object space 44032K, 3% used [0x00000000c0000000,0x00000000c014b588,0x00000000c2b00000)
 Metaspace       used 8284K, capacity 8474K, committed 8576K, reserved 1056768K
  class space    used 1066K, capacity 1102K, committed 1152K, reserved 1048576K

Card table byte_map: [0x0000000011d80000,0x0000000011f90000] byte_map_base: 0x0000000011780000

Marking Bits: (ParMarkBitMap*) 0x00000000735dbe50
 Begin Bits: [0x0000000012210000, 0x0000000013210000)
 End Bits:   [0x0000000013210000, 0x0000000014210000)

Polling page: 0x0000000000130000

CodeCache: size=245760Kb used=3386Kb max_used=3386Kb free=242373Kb
 bounds [0x00000000029c0000, 0x0000000002d20000, 0x00000000119c0000]
 total_blobs=1104 nmethods=799 adapters=219
 compilation: enabled

Compilation events (10 events):
Event: 3.263 Thread 0x0000000054db0000 

Event: 3.267 Thread 0x0000000054e06800  797       3       sun.misc.FileURLMapper::getPath (141 bytes)
Event: 3.269 Thread 0x0000000054e06800 nmethod 797 0x0000000002d0f4d0 code [0x0000000002d0f780, 0x0000000002d10b98]
Event: 3.271 Thread 0x0000000054e06800  798       1       sun.misc.URLClassPath$JarLoader::access$900 (5 bytes)
Event: 3.271 Thread 0x0000000054e06800 nmethod 798 0x0000000002d0d990 code [0x0000000002d0dae0, 0x0000000002d0dbd0]
Event: 3.272 Thread 0x0000000054e06800  799       1       sun.misc.URLClassPath$JarLoader::access$1000 (5 bytes)
Event: 3.272 Thread 0x0000000054e06800 nmethod 799 0x0000000002d0d6d0 code [0x0000000002d0d820, 0x0000000002d0d910]
Event: 3.274 Thread 0x0000000054e06800  800       1       java.util.zip.ZipFile::getName (5 bytes)
Event: 3.274 Thread 0x0000000054e06800 nmethod 800 0x0000000002d0d410 code [0x0000000002d0d560, 0x0000000002d0d670]
Event: 3.284 Thread 0x0000000054db0000  801 %     4       java.util.jar.JarFile::match @ 14 (116 bytes)

GC Heap History (6 events):
Event: 1.449 GC heap before
{Heap before GC invocations=1 (full 0):
 PSYoungGen      total 18944K, used 16384K [0x00000000eab00000, 0x00000000ec000000, 0x0000000100000000)
  eden space 16384K, 100% used [0x00000000eab00000,0x00000000ebb00000,0x00000000ebb00000)
  from space 2560K, 0% used [0x00000000ebd80000,0x00000000ebd80000,0x00000000ec000000)
  to   space 2560K, 0% used [0x00000000ebb00000,0x00000000ebb00000,0x00000000ebd80000)
 ParOldGen       total 44032K, used 0K [0x00000000c0000000, 0x00000000c2b00000, 0x00000000eab00000)
  object space 44032K, 0% used [0x00000000c0000000,0x00000000c0000000,0x00000000c2b00000)
 Metaspace       used 5026K, capacity 5688K, committed 5888K, reserved 1056768K
  class space    used 615K, capacity 664K, committed 768K, reserved 1048576K
Event: 1.463 GC heap after
Heap after GC invocations=1 (full 0):
 PSYoungGen      total 18944K, used 2362K [0x00000000eab00000, 0x00000000ec000000, 0x0000000100000000)
  eden space 16384K, 0% used [0x00000000eab00000,0x00000000eab00000,0x00000000ebb00000)
  from space 2560K, 92% used [0x00000000ebb00000,0x00000000ebd4e9c0,0x00000000ebd80000)
  to   space 2560K, 0% used [0x00000000ebd80000,0x00000000ebd80000,0x00000000ec000000)
 ParOldGen       total 44032K, used 0K [0x00000000c0000000, 0x00000000c2b00000, 0x00000000eab00000)
  object space 44032K, 0% used [0x00000000c0000000,0x00000000c0000000,0x00000000c2b00000)
 Metaspace       used 5026K, capacity 5688K, committed 5888K, reserved 1056768K
  class space    used 615K, capacity 664K, committed 768K, reserved 1048576K
}
Event: 2.436 GC heap before
{Heap before GC invocations=2 (full 0):
 PSYoungGen      total 18944K, used 18746K [0x00000000eab00000, 0x00000000ec000000, 0x0000000100000000)
  eden space 16384K, 100% used [0x00000000eab00000,0x00000000ebb00000,0x00000000ebb00000)
  from space 2560K, 92% used [0x00000000ebb00000,0x00000000ebd4e9c0,0x00000000ebd80000)
  to   space 2560K, 0% used [0x00000000ebd80000,0x00000000ebd80000,0x00000000ec000000)
 ParOldGen       total 44032K, used 0K [0x00000000c0000000, 0x00000000c2b00000, 0x00000000eab00000)
  object space 44032K, 0% used [0x00000000c0000000,0x00000000c0000000,0x00000000c2b00000)
 Metaspace       used 8040K, capacity 8154K, committed 8320K, reserved 1056768K
  class space    used 1052K, capacity 1102K, committed 1152K, reserved 1048576K
Event: 2.632 GC heap after
Heap after GC invocations=2 (full 0):
 PSYoungGen      total 18944K, used 2545K [0x00000000eab00000, 0x00000000ed000000, 0x0000000100000000)
  eden space 16384K, 0% used [0x00000000eab00000,0x00000000eab00000,0x00000000ebb00000)
  from space 2560K, 99% used [0x00000000ebd80000,0x00000000ebffc590,0x00000000ec000000)
  to   space 2560K, 0% used [0x00000000ebb00000,0x00000000ebb00000,0x00000000ebd80000)
 ParOldGen       total 44032K, used 1317K [0x00000000c0000000, 0x00000000c2b00000, 0x00000000eab00000)
  object space 44032K, 2% used [0x00000000c0000000,0x00000000c0149588,0x00000000c2b00000)
 Metaspace       used 8040K, capacity 8154K, committed 8320K, reserved 1056768K
  class space    used 1052K, capacity 1102K, committed 1152K, reserved 1048576K
}
Event: 3.035 GC heap before
{Heap before GC invocations=3 (full 0):
 PSYoungGen      total 18944K, used 18929K [0x00000000eab00000, 0x00000000ed000000, 0x0000000100000000)
  eden space 16384K, 100% used [0x00000000eab00000,0x00000000ebb00000,0x00000000ebb00000)
  from space 2560K, 99% used [0x00000000ebd80000,0x00000000ebffc590,0x00000000ec000000)
  to   space 2560K, 0% used [0x00000000ebb00000,0x00000000ebb00000,0x00000000ebd80000)
 ParOldGen       total 44032K, used 1317K [0x00000000c0000000, 0x00000000c2b00000, 0x00000000eab00000)
  object space 44032K, 2% used [0x00000000c0000000,0x00000000c0149588,0x00000000c2b00000)
 Metaspace       used 8223K, capacity 8346K, committed 8576K, reserved 1056768K
  class space    used 1065K, capacity 1102K, committed 1152K, reserved 1048576K
Event: 3.049 GC heap after
Heap after GC invocations=3 (full 0):
 PSYoungGen      total 18944K, used 2465K [0x00000000eab00000, 0x00000000ed000000, 0x0000000100000000)
  eden space 16384K, 0% used [0x00000000eab00000,0x00000000eab00000,0x00000000ebb00000)
  from space 2560K, 96% used [0x00000000ebb00000,0x00000000ebd687a0,0x00000000ebd80000)
  to   space 2560K, 0% used [0x00000000ecd80000,0x00000000ecd80000,0x00000000ed000000)
 ParOldGen       total 44032K, used 1325K [0x00000000c0000000, 0x00000000c2b00000, 0x00000000eab00000)
  object space 44032K, 3% used [0x00000000c0000000,0x00000000c014b588,0x00000000c2b00000)
 Metaspace       used 8223K, capacity 8346K, committed 8576K, reserved 1056768K
  class space    used 1065K, capacity 1102K, committed 1152K, reserved 1048576K
}

Deoptimization events (7 events):
Event: 0.635 Thread 0x00000000022df800 Uncommon trap: reason=unstable_if action=reinterpret pc=0x0000000002b1c894 method=java.lang.String.toLowerCase(Ljava/util/Locale;)Ljava/lang/String; @ 85
Event: 1.448 Thread 0x00000000022df800 Uncommon trap: reason=unstable_if action=reinterpret pc=0x0000000002b35d70 method=java.util.regex.Matcher.reset()Ljava/util/regex/Matcher; @ 47
Event: 1.448 Thread 0x00000000022df800 Uncommon trap: reason=class_check action=maybe_recompile pc=0x0000000002b3818c method=java.util.regex.Matcher.match(II)Z @ 86
Event: 1.448 Thread 0x00000000022df800 Uncommon trap: reason=class_check action=maybe_recompile pc=0x0000000002b3818c method=java.util.regex.Matcher.match(II)Z @ 86
Event: 1.467 Thread 0x00000000022df800 Uncommon trap: reason=class_check action=maybe_recompile pc=0x0000000002b3818c method=java.util.regex.Matcher.match(II)Z @ 86
Event: 1.467 Thread 0x00000000022df800 Uncommon trap: reason=class_check action=maybe_recompile pc=0x0000000002b3818c method=java.util.regex.Matcher.match(II)Z @ 86
Event: 1.658 Thread 0x00000000022df800 Uncommon trap: reason=unstable_if action=reinterpret pc=0x0000000002bbfdd4 method=sun.misc.MetaIndex.mayContain(Ljava/lang/String;)Z @ 38

Classes redefined (0 events):
No events

Internal exceptions (10 events):
Event: 2.157 Thread 0x00000000022df800 Exception <a 'java/lang/ArrayIndexOutOfBoundsException'> (0x00000000eb6132d8) thrown at [C:\Users\jenkins\workspace\openjdk8_build_x86-64_windows\openjdk\hotspot\src\share\vm\runtime\sharedRuntime.cpp, line 605]
Event: 2.157 Thread 0x00000000022df800 Exception <a 'java/lang/ArrayIndexOutOfBoundsException'> (0x00000000eb615368) thrown at [C:\Users\jenkins\workspace\openjdk8_build_x86-64_windows\openjdk\hotspot\src\share\vm\runtime\sharedRuntime.cpp, line 605]
Event: 2.157 Thread 0x00000000022df800 Exception <a 'java/lang/ArrayIndexOutOfBoundsException'> (0x00000000eb618348) thrown at [C:\Users\jenkins\workspace\openjdk8_build_x86-64_windows\openjdk\hotspot\src\share\vm\runtime\sharedRuntime.cpp, line 605]
Event: 2.162 Thread 0x00000000022df800 Exception <a 'java/lang/ArrayIndexOutOfBoundsException'> (0x00000000eb628d58) thrown at [C:\Users\jenkins\workspace\openjdk8_build_x86-64_windows\openjdk\hotspot\src\share\vm\runtime\sharedRuntime.cpp, line 605]
Event: 2.162 Thread 0x00000000022df800 Exception <a 'java/lang/ArrayIndexOutOfBoundsException'> (0x00000000eb62ae98) thrown at [C:\Users\jenkins\workspace\openjdk8_build_x86-64_windows\openjdk\hotspot\src\share\vm\runtime\sharedRuntime.cpp, line 605]
Event: 2.163 Thread 0x00000000022df800 Exception <a 'java/lang/ArrayIndexOutOfBoundsException'> (0x00000000eb639450) thrown at [C:\Users\jenkins\workspace\openjdk8_build_x86-64_windows\openjdk\hotspot\src\share\vm\runtime\sharedRuntime.cpp, line 605]
Event: 2.167 Thread 0x00000000022df800 Exception <a 'java/lang/ArrayIndexOutOfBoundsException'> (0x00000000eb646a88) thrown at [C:\Users\jenkins\workspace\openjdk8_build_x86-64_windows\openjdk\hotspot\src\share\vm\runtime\sharedRuntime.cpp, line 605]
Event: 2.168 Thread 0x00000000022df800 Exception <a 'java/lang/ArrayIndexOutOfBoundsException'> (0x00000000eb651970) thrown at [C:\Users\jenkins\workspace\openjdk8_build_x86-64_windows\openjdk\hotspot\src\share\vm\runtime\sharedRuntime.cpp, line 605]
Event: 2.169 Thread 0x00000000022df800 Exception <a 'java/lang/ArrayIndexOutOfBoundsException'> (0x00000000eb653650) thrown at [C:\Users\jenkins\workspace\openjdk8_build_x86-64_windows\openjdk\hotspot\src\share\vm\runtime\sharedRuntime.cpp, line 605]
Event: 2.169 Thread 0x00000000022df800 Exception <a 'java/lang/ArrayIndexOutOfBoundsException'> (0x00000000eb655298) thrown at [C:\Users\jenkins\workspace\openjdk8_build_x86-64_windows\openjdk\hotspot\src\share\vm\runtime\sharedRuntime.cpp, line 605]

Events (10 events):
Event: 3.170 loading class org/gradle/api/internal/DynamicModulesClassPathProvider$1
Event: 3.170 loading class org/gradle/api/internal/DynamicModulesClassPathProvider$1 done
Event: 3.171 loading class org/gradle/api/specs/NotSpec
Event: 3.171 loading class org/gradle/api/specs/NotSpec done
Event: 3.171 loading class org/gradle/util/CollectionUtils
Event: 3.172 loading class org/gradle/util/CollectionUtils done
Event: 3.206 Thread 0x00000000022df800 DEOPT PACKING pc=0x0000000002b44ec0 sp=0x00000000026ed510
Event: 3.206 Thread 0x00000000022df800 DEOPT UNPACKING pc=0x0000000002a071d0 sp=0x00000000026ed268 mode 0
Event: 3.214 Thread 0x00000000022df800 DEOPT PACKING pc=0x0000000002b44ec0 sp=0x00000000026ed510
Event: 3.214 Thread 0x00000000022df800 DEOPT UNPACKING pc=0x0000000002a071d0 sp=0x00000000026ed268 mode 0


Dynamic libraries:
0x000000013f840000 - 0x000000013f875000 	C:\Program Files\Unity\Hub\Editor\2020.3.11f1\Editor\Data\PlaybackEngines\AndroidPlayer\OpenJDK\bin\java.exe
0x00000000771f0000 - 0x000000007738f000 	C:\Windows\SYSTEM32\ntdll.dll
0x00000000770d0000 - 0x00000000771ef000 	C:\Windows\system32\kernel32.dll
0x000007fefcd70000 - 0x000007fefcdd7000 	C:\Windows\system32\KERNELBASE.dll
0x000007fefe9d0000 - 0x000007fefeaab000 	C:\Windows\system32\ADVAPI32.dll
0x000007feff440000 - 0x000007feff4df000 	C:\Windows\system32\msvcrt.dll
0x000007fefe9b0000 - 0x000007fefe9cf000 	C:\Windows\SYSTEM32\sechost.dll
0x000007fefd240000 - 0x000007fefd36c000 	C:\Windows\system32\RPCRT4.dll
0x0000000076fd0000 - 0x00000000770ca000 	C:\Windows\system32\USER32.dll
0x000007fefd570000 - 0x000007fefd5d7000 	C:\Windows\system32\GDI32.dll
0x000007fefd100000 - 0x000007fefd10e000 	C:\Windows\system32\LPK.dll
0x000007feff000000 - 0x000007feff0cb000 	C:\Windows\system32\USP10.dll
0x000007fefb770000 - 0x000007fefb965000 	C:\Windows\WinSxS\amd64_microsoft.windows.common-controls_6595b64144ccf1df_6.0.7601.24483_none_e372d88f30fbb845\COMCTL32.dll
0x000007fefeac0000 - 0x000007fefeb31000 	C:\Windows\system32\SHLWAPI.dll
0x000007fefedc0000 - 0x000007fefedee000 	C:\Windows\system32\IMM32.DLL
0x000007fefe3f0000 - 0x000007fefe4fb000 	C:\Windows\system32\MSCTF.dll
0x0000000073780000 - 0x0000000073852000 	C:\Program Files\Unity\Hub\Editor\2020.3.11f1\Editor\Data\PlaybackEngines\AndroidPlayer\OpenJDK\jre\bin\msvcr100.dll
0x0000000072e10000 - 0x0000000073659000 	C:\Program Files\Unity\Hub\Editor\2020.3.11f1\Editor\Data\PlaybackEngines\AndroidPlayer\OpenJDK\jre\bin\server\jvm.dll
0x000007fef5430000 - 0x000007fef5439000 	C:\Windows\system32\WSOCK32.dll
0x000007fefd1f0000 - 0x000007fefd23d000 	C:\Windows\system32\WS2_32.dll
0x000007fefeab0000 - 0x000007fefeab8000 	C:\Windows\system32\NSI.dll
0x000007fef9b00000 - 0x000007fef9b3b000 	C:\Windows\system32\WINMM.dll
0x000007fefbe00000 - 0x000007fefbe0c000 	C:\Windows\system32\VERSION.dll
0x0000000077390000 - 0x0000000077397000 	C:\Windows\system32\PSAPI.DLL
0x000007fef8330000 - 0x000007fef833f000 	C:\Program Files\Unity\Hub\Editor\2020.3.11f1\Editor\Data\PlaybackEngines\AndroidPlayer\OpenJDK\jre\bin\verify.dll
0x000007fedcef0000 - 0x000007fedcf19000 	C:\Program Files\Unity\Hub\Editor\2020.3.11f1\Editor\Data\PlaybackEngines\AndroidPlayer\OpenJDK\jre\bin\java.dll
0x000007feec450000 - 0x000007feec466000 	C:\Program Files\Unity\Hub\Editor\2020.3.11f1\Editor\Data\PlaybackEngines\AndroidPlayer\OpenJDK\jre\bin\zip.dll
0x000007fefd5e0000 - 0x000007fefe36b000 	C:\Windows\system32\SHELL32.dll
0x000007fefd370000 - 0x000007fefd56f000 	C:\Windows\system32\ole32.dll
0x000007fefcd50000 - 0x000007fefcd5f000 	C:\Windows\system32\profapi.dll
0x000007fedf7a0000 - 0x000007fedf7ba000 	C:\Program Files\Unity\Hub\Editor\2020.3.11f1\Editor\Data\PlaybackEngines\AndroidPlayer\OpenJDK\jre\bin\net.dll
0x000007fefc480000 - 0x000007fefc4d5000 	C:\Windows\system32\mswsock.dll
0x000007fefc470000 - 0x000007fefc477000 	C:\Windows\System32\wship6.dll
0x000007fedf780000 - 0x000007fedf791000 	C:\Program Files\Unity\Hub\Editor\2020.3.11f1\Editor\Data\PlaybackEngines\AndroidPlayer\OpenJDK\jre\bin\nio.dll
0x000007fedf750000 - 0x000007fedf776000 	C:\Users\Сергей\.gradle\native\30\windows-amd64\native-platform.dll
0x000007fef8090000 - 0x000007fef8093000 	C:\Windows\system32\api-ms-win-core-synch-l1-2-0.DLL
0x000007fedf670000 - 0x000007fedf67d000 	C:\Program Files\Unity\Hub\Editor\2020.3.11f1\Editor\Data\PlaybackEngines\AndroidPlayer\OpenJDK\jre\bin\management.dll

VM Arguments:
jvm_args: -Dfile.encoding=UTF-8 
java_command: org.gradle.launcher.GradleMain -Dorg.gradle.jvmargs=-Xmx4096m --stop
java_class_path (initial): C:\Program Files\Unity\Hub\Editor\2020.3.11f1\Editor\Data\PlaybackEngines\AndroidPlayer\Tools\gradle\lib\gradle-launcher-5.6.4.jar
Launcher Type: SUN_STANDARD

Environment Variables:
JAVA_HOME=C:\Program Files\Unity\Hub\Editor\2020.3.11f1\Editor\Data\PlaybackEngines\AndroidPlayer\OpenJDK
JAVA_TOOL_OPTIONS=-Dfile.encoding=UTF-8
PATH=C:\Windows\system32;C:\Windows;C:\Windows\System32\Wbem;C:\Windows\System32\WindowsPowerShell\v1.0\;C:\Program Files\dotnet\;C:\Program Files (x86)\QuickTime\QTSystem\;C:\Program Files\Git\cmd;C:\Users\Сергей\.dotnet\tools
USERNAME=Сергей
OS=Windows_NT
PROCESSOR_IDENTIFIER=Intel64 Family 6 Model 15 Stepping 13, GenuineIntel



---------------  S Y S T E M  ---------------

OS: Windows 7 , 64 bit Build 7601 (6.1.7601.24548)

CPU:total 2 (initial active 2) (2 cores per cpu, 1 threads per core) family 6 model 15 stepping 13, cmov, cx8, fxsr, mmx, sse, sse2, sse3, ssse3, tsc

Memory: 4k page, physical 4192696k(364564k free), swap 6287948k(4580k free)

vm_info: OpenJDK 64-Bit Server VM (25.71-b00) for windows-amd64 JRE (1.8.0-adoptopenjdk-_2018_05_19_00_59-b00), built on May 19 2018 01:02:12 by "jenkins" with MS VC++ 10.0 (VS2010)

time: Sun Aug 29 20:18:34 2021
elapsed time: 3 seconds (0d 0h 0m 3s)

